<?xml version="1.0" encoding="utf-8"?><testsuites name="pytest tests"><testsuite name="pytest" errors="0" failures="0" skipped="0" tests="47" time="15.190" timestamp="2026-01-28T11:39:15.161453+00:00" hostname="agent-env-b4c8ffa3-5537-484a-a5bb-d86e660dda87"><testcase classname="backend.tests.test_rbac.TestAdminAuthentication" name="test_super_admin_login" time="0.314" /><testcase classname="backend.tests.test_rbac.TestAdminAuthentication" name="test_admin_login" time="0.257" /><testcase classname="backend.tests.test_rbac.TestAdminAuthentication" name="test_supervisor_niamey_login" time="0.265" /><testcase classname="backend.tests.test_rbac.TestAdminAuthentication" name="test_supervisor_maradi_login" time="0.267" /><testcase classname="backend.tests.test_rbac.TestAdminAuthentication" name="test_agent_niamey_login" time="0.257" /><testcase classname="backend.tests.test_rbac.TestAdminAuthentication" name="test_invalid_credentials" time="0.040" /><testcase classname="backend.tests.test_rbac.TestSuperAdminAccess" name="test_super_admin_dashboard_access" time="0.293" /><testcase classname="backend.tests.test_rbac.TestSuperAdminAccess" name="test_super_admin_vehicles_access" time="0.305" /><testcase classname="backend.tests.test_rbac.TestSuperAdminAccess" name="test_super_admin_stickers_access" time="0.288" /><testcase classname="backend.tests.test_rbac.TestSuperAdminAccess" name="test_super_admin_tax_config_access" time="0.291" /><testcase classname="backend.tests.test_rbac.TestSuperAdminAccess" name="test_super_admin_users_access" time="0.289" /><testcase classname="backend.tests.test_rbac.TestSuperAdminAccess" name="test_super_admin_reports_access" time="0.299" /><testcase classname="backend.tests.test_rbac.TestSuperAdminAccess" name="test_super_admin_audit_logs_access" time="0.298" /><testcase classname="backend.tests.test_rbac.TestAdminAccess" name="test_admin_dashboard_access" time="0.334" /><testcase classname="backend.tests.test_rbac.TestAdminAccess" name="test_admin_vehicles_access" time="0.291" /><testcase classname="backend.tests.test_rbac.TestAdminAccess" name="test_admin_stickers_access" time="0.297" /><testcase classname="backend.tests.test_rbac.TestAdminAccess" name="test_admin_tax_config_access" time="0.285" /><testcase classname="backend.tests.test_rbac.TestAdminAccess" name="test_admin_users_access" time="0.287" /><testcase classname="backend.tests.test_rbac.TestAdminAccess" name="test_admin_reports_access" time="0.311" /><testcase classname="backend.tests.test_rbac.TestAdminAccess" name="test_admin_audit_logs_denied" time="0.331" /><testcase classname="backend.tests.test_rbac.TestSupervisorAccess" name="test_supervisor_dashboard_access" time="0.291" /><testcase classname="backend.tests.test_rbac.TestSupervisorAccess" name="test_supervisor_vehicles_access" time="0.296" /><testcase classname="backend.tests.test_rbac.TestSupervisorAccess" name="test_supervisor_stickers_access" time="0.288" /><testcase classname="backend.tests.test_rbac.TestSupervisorAccess" name="test_supervisor_tax_config_denied" time="0.296" /><testcase classname="backend.tests.test_rbac.TestSupervisorAccess" name="test_supervisor_users_denied" time="0.289" /><testcase classname="backend.tests.test_rbac.TestSupervisorAccess" name="test_supervisor_reports_access" time="0.286" /><testcase classname="backend.tests.test_rbac.TestSupervisorAccess" name="test_supervisor_audit_logs_denied" time="0.294" /><testcase classname="backend.tests.test_rbac.TestAgentAccess" name="test_agent_dashboard_denied" time="0.293" /><testcase classname="backend.tests.test_rbac.TestAgentAccess" name="test_agent_vehicles_denied" time="0.289" /><testcase classname="backend.tests.test_rbac.TestAgentAccess" name="test_agent_stickers_denied" time="0.294" /><testcase classname="backend.tests.test_rbac.TestAgentAccess" name="test_agent_tax_config_denied" time="0.296" /><testcase classname="backend.tests.test_rbac.TestAgentAccess" name="test_agent_users_denied" time="0.292" /><testcase classname="backend.tests.test_rbac.TestAgentAccess" name="test_agent_reports_denied" time="0.290" /><testcase classname="backend.tests.test_rbac.TestAgentAccess" name="test_agent_audit_logs_denied" time="0.288" /><testcase classname="backend.tests.test_rbac.TestAgentAccess" name="test_agent_inspections_access" time="0.294" /><testcase classname="backend.tests.test_rbac.TestAgentAccess" name="test_agent_create_inspection" time="0.311" /><testcase classname="backend.tests.test_rbac.TestUserCreation" name="test_super_admin_can_create_admin" time="0.524" /><testcase classname="backend.tests.test_rbac.TestUserCreation" name="test_super_admin_can_create_supervisor" time="0.511" /><testcase classname="backend.tests.test_rbac.TestUserCreation" name="test_admin_can_create_supervisor" time="0.559" /><testcase classname="backend.tests.test_rbac.TestUserCreation" name="test_admin_cannot_create_admin" time="0.293" /><testcase classname="backend.tests.test_rbac.TestUserCreation" name="test_supervisor_cannot_create_users" time="0.293" /><testcase classname="backend.tests.test_rbac.TestUserCreation" name="test_supervisor_requires_region" time="0.290" /><testcase classname="backend.tests.test_rbac.TestCitizenFlow" name="test_citizen_registration" time="0.255" /><testcase classname="backend.tests.test_rbac.TestCitizenFlow" name="test_citizen_login" time="0.508" /><testcase classname="backend.tests.test_rbac.TestCitizenFlow" name="test_citizen_vehicle_creation" time="0.295" /><testcase classname="backend.tests.test_rbac.TestCitizenFlow" name="test_citizen_sticker_purchase" time="0.358" /><testcase classname="backend.tests.test_rbac.TestRegionFiltering" name="test_supervisor_sees_only_own_region_vehicles" time="0.876" /></testsuite></testsuites>